$ yarn with-env next build
$ dotenv -e ../../.env -- next build
warn  - You have enabled experimental feature (scrollRestoration) in next.config.js.
warn  - Experimental features are not covered by semver, and may cause unexpected or broken application behavior. Use at your own risk.

info  - Skipping validation of types
info  - Linting...
info  - Creating an optimized production build...
[33m
Tamagui built config and components:[0m
[2m
  Config     ./.tamagui/tamagui.config.cjs
  Components ./.tamagui/tamagui-components.config.cjs
             ./.tamagui/o6ui-components.config.cjs
             @tamagui/core
[0m
 web  |                    screen   19 ·  10 ·   9 ·   0    85ms 
 web  |                    screen    1 ·   1 ·   0 ·   0    15ms 
 web  |                    screen    3 ·   1 ·   0 ·   0   122ms 
 web  |                    screen    1 ·   1 ·   0 ·   0    10ms 
 web  |             detail-screen    3 ·   2 ·   1 ·   0    14ms 
 web  |              SignUpSignIn   19 ·  13 ·   8 ·   0    38ms 
 web  |               MyComponent    0 ·   0 ·   0 ·   1     5ms 
 web  |                    screen    1 ·   1 ·   0 ·   0     6ms 
 web  |                    screen    3 ·   1 ·   0 ·   0     9ms 
 web  |                    screen    1 ·   1 ·   0 ·   0     4ms 
 web  |             detail-screen    3 ·   2 ·   1 ·   0     9ms 
 web  |                    screen   19 ·  10 ·   9 ·   0    26ms 
 web  |              SignUpSignIn   19 ·  13 ·   8 ·   0    30ms 
 web  |               MyComponent    0 ·   0 ·   0 ·   1     3ms 
info  - Compiled successfully
info  - Collecting page data...
warn  - Statically exporting a Next.js application via `next export` disables API routes and middleware.
This command is meant for static-only hosts, and is not necessary to make your application static.
Pages in your application without server-side data dependencies will be automatically statically exported by `next build`, including pages powered by `getStaticProps`.
Learn more: https://nextjs.org/docs/messages/api-routes-static-export
info  - Generating static pages (0/8)
info  - Generating static pages (2/8)
info  - Generating static pages (4/8)
info  - Generating static pages (6/8)
info  - Generating static pages (8/8)
info  - Finalizing page optimization...

Route (pages)                               Size     First Load JS
┌ ○ / (1729 ms)                             2.41 kB         223 kB
├   └ css/30d52420f40b434d.css              733 B
├   /_app                                   0 B             199 kB
├ ○ /404                                    181 B           199 kB
├ λ /api/trpc/[trpc]                        0 B             199 kB
├ ○ /signin (1637 ms)                       1.82 kB         231 kB
├ ○ /signup (1697 ms)                       1.54 kB         231 kB
├ ○ /signup/email-verification (1728 ms)    3.35 kB         224 kB
├ ○ /signup/sso-oauth/[strategy] (1694 ms)  2.61 kB         201 kB
└ ○ /user/[id] (1974 ms)                    2.13 kB         223 kB
    └ css/e8d1b42d15a5efb2.css              294 B
+ First Load JS shared by all               405 kB
  ├ chunks/framework-722501b40beae0c7.js    45.2 kB
  ├ chunks/main-60c7b942fac27e6e.js         27.1 kB
  ├ chunks/pages/_app-587cb7cd00c11ab1.js   125 kB
  ├ chunks/webpack-59c5c889f52620d6.js      819 B
  └ css/cd5d9675d1d0fdf0.css                207 kB

ƒ Middleware                                69.3 kB

λ  (Server)  server-side renders at runtime (uses getInitialProps or getServerSideProps)
○  (Static)  automatically rendered as static HTML (uses no initial props)

